2024-01-29 10:34:01,555 - INFO - User elexis,falceso@cvsu.edu.ph logged in
2024-01-29 10:34:20,495 - INFO - User deleted data for Student ID: 1
2024-01-29 10:35:45,629 - INFO - Admin admin logged in
2024-01-29 10:36:31,204 - INFO - Admin admin logged in
2024-01-29 10:37:07,392 - INFO - User elexis.falceso@cvsu.edu.ph logged in
2024-01-29 10:39:44,508 - INFO - Failed login attempt with username: elexis.falceso@cvsu.ph
2024-01-29 10:40:21,165 - INFO - Failed login attempt with username: elexis.falceso@cvsu.ph
2024-01-29 10:40:46,464 - INFO - User elexis,falceso@cvsu.edu.ph logged in
2024-01-29 10:42:50,991 - INFO - User added data for Student ID: 1
2024-01-29 10:43:09,533 - INFO - User added data for Student ID: 1
2024-01-29 10:43:14,432 - INFO - User deleted data for Student ID: 1
2024-01-29 10:44:21,525 - INFO - User added data for Student ID: 1
2024-01-29 10:44:44,526 - INFO - User generated dataset for Student ID: 
2024-01-29 10:46:47,720 - INFO - User generated dataset for Student ID: 
2024-01-29 10:48:12,141 - INFO - User loyolaleanne@gmail.com logged in
2024-01-29 10:48:15,579 - WARNING - Retrying (Retry(total=2, connect=None, read=None, redirect=None, status=None)) after connection broken by 'SSLError(SSLCertVerificationError(1, '[SSL: CERTIFICATE_VERIFY_FAILED] certificate verify failed: self-signed certificate in certificate chain (_ssl.c:1000)'))': /token
2024-01-29 10:48:16,124 - WARNING - Retrying (Retry(total=1, connect=None, read=None, redirect=None, status=None)) after connection broken by 'SSLError(SSLCertVerificationError(1, '[SSL: CERTIFICATE_VERIFY_FAILED] certificate verify failed: self-signed certificate in certificate chain (_ssl.c:1000)'))': /token
2024-01-29 10:48:16,673 - WARNING - Retrying (Retry(total=0, connect=None, read=None, redirect=None, status=None)) after connection broken by 'SSLError(SSLCertVerificationError(1, '[SSL: CERTIFICATE_VERIFY_FAILED] certificate verify failed: self-signed certificate in certificate chain (_ssl.c:1000)'))': /token
2024-01-29 10:50:18,227 - INFO - User added data for Student ID: 2
2024-01-29 10:50:42,276 - INFO - User generated dataset for Student ID: 
2024-01-29 13:11:38,630 - INFO - User updated data for Student ID: 2
2024-01-29 13:30:51,491 - WARNING - Retrying (Retry(total=2, connect=None, read=None, redirect=None, status=None)) after connection broken by 'SSLError(SSLCertVerificationError(1, '[SSL: CERTIFICATE_VERIFY_FAILED] certificate verify failed: self-signed certificate in certificate chain (_ssl.c:1000)'))': /token
2024-01-29 13:30:52,127 - WARNING - Retrying (Retry(total=1, connect=None, read=None, redirect=None, status=None)) after connection broken by 'SSLError(SSLCertVerificationError(1, '[SSL: CERTIFICATE_VERIFY_FAILED] certificate verify failed: self-signed certificate in certificate chain (_ssl.c:1000)'))': /token
2024-01-29 13:30:52,695 - WARNING - Retrying (Retry(total=0, connect=None, read=None, redirect=None, status=None)) after connection broken by 'SSLError(SSLCertVerificationError(1, '[SSL: CERTIFICATE_VERIFY_FAILED] certificate verify failed: self-signed certificate in certificate chain (_ssl.c:1000)'))': /token
2024-01-29 13:31:18,463 - WARNING - Retrying (Retry(total=2, connect=None, read=None, redirect=None, status=None)) after connection broken by 'SSLError(SSLCertVerificationError(1, '[SSL: CERTIFICATE_VERIFY_FAILED] certificate verify failed: self-signed certificate in certificate chain (_ssl.c:1000)'))': /token
2024-01-29 13:31:19,135 - WARNING - Retrying (Retry(total=1, connect=None, read=None, redirect=None, status=None)) after connection broken by 'SSLError(SSLCertVerificationError(1, '[SSL: CERTIFICATE_VERIFY_FAILED] certificate verify failed: self-signed certificate in certificate chain (_ssl.c:1000)'))': /token
2024-01-29 13:31:19,639 - WARNING - Retrying (Retry(total=0, connect=None, read=None, redirect=None, status=None)) after connection broken by 'SSLError(SSLCertVerificationError(1, '[SSL: CERTIFICATE_VERIFY_FAILED] certificate verify failed: self-signed certificate in certificate chain (_ssl.c:1000)'))': /token
2024-01-29 13:45:07,727 - INFO - User added data for Student ID: 3
2024-01-29 13:45:37,677 - INFO - User generated dataset for Student ID: 
2024-01-29 13:48:50,145 - INFO - User generated dataset for Student ID: 
2024-01-29 23:30:43,719 - INFO - User added data for Student ID: 1
2024-01-29 23:31:09,791 - INFO - User generated dataset for Student ID: 
